五月 25, 2018 11:47:20 上午 org.eclipse.birt.chart.device.swt.SwtDisplayServer <init>
信息: SWT Display Server: win32 v4,629
五月 25, 2018 11:47:21 上午 org.eclipse.birt.chart.device.swt.R31Enhance <clinit>
信息: Advanced SWT graphics functions enabled.
五月 25, 2018 11:47:21 上午 org.eclipse.birt.chart.device.swt.SwtRendererImpl setProperty
信息: Using graphics context org.eclipse.swt.graphics.GC@GC {-973004273}
五月 25, 2018 11:47:21 上午 org.eclipse.birt.chart.script.AbstractScriptHandler register
信息: Trying to load Chart Java event handler class...
五月 25, 2018 11:47:21 上午 org.eclipse.birt.chart.script.AbstractScriptHandler register
信息: A Chart Java event handler class [class org.eclipse.mat.impl.chart.StorageUnitRenderScript] has been loaded successfully.
五月 25, 2018 11:47:21 上午 org.eclipse.birt.chart.render.EmptyWithoutAxes renderSeries
信息: org.eclipse.birt.chart.render.EmptyWithoutAxes: renderSeries() [1/2]
五月 25, 2018 11:47:21 上午 org.eclipse.birt.chart.extension.render.Pie renderSeries
信息: {0}: renderSeries() [{1}/{2}]org.eclipse.birt.chart.extension.render.Pie22
五月 25, 2018 11:47:24 上午 org.eclipse.birt.chart.device.swing.SwingDisplayServer <init>
信息: SWING Display Server: Oracle Corporation v1.8.0_171
五月 25, 2018 11:47:24 上午 org.eclipse.birt.chart.script.AbstractScriptHandler register
信息: Trying to load Chart Java event handler class...
五月 25, 2018 11:47:24 上午 org.eclipse.birt.chart.script.AbstractScriptHandler register
信息: A Chart Java event handler class [class org.eclipse.mat.impl.chart.LabelRenderScript] has been loaded successfully.
五月 25, 2018 11:47:24 上午 org.eclipse.birt.chart.device.swing.SwingRendererImpl prepareGraphicsContext
信息: Using graphics context sun.java2d.SunGraphics2D[font=java.awt.Font[family=Dialog,name=Dialog,style=plain,size=12],color=java.awt.Color[r=255,g=255,b=255]]
五月 25, 2018 11:47:24 上午 org.eclipse.birt.chart.render.EmptyWithoutAxes renderSeries
信息: org.eclipse.birt.chart.render.EmptyWithoutAxes: renderSeries() [1/2]
五月 25, 2018 11:47:24 上午 org.eclipse.birt.chart.extension.render.Pie renderSeries
信息: {0}: renderSeries() [{1}/{2}]org.eclipse.birt.chart.extension.render.Pie22
五月 25, 2018 11:47:24 上午 org.eclipse.birt.chart.device.image.JavaxImageIOWriter after
信息: Using {0} image writer {1}pngcom.sun.imageio.plugins.png.PNGImageWriter
五月 25, 2018 11:47:24 上午 org.eclipse.birt.chart.device.swing.SwingDisplayServer <init>
信息: SWING Display Server: Oracle Corporation v1.8.0_171
五月 25, 2018 11:47:24 上午 org.eclipse.birt.chart.script.AbstractScriptHandler register
信息: Trying to load Chart Java event handler class...
五月 25, 2018 11:47:24 上午 org.eclipse.birt.chart.script.AbstractScriptHandler register
信息: A Chart Java event handler class [class org.eclipse.mat.impl.chart.LabelRenderScript] has been loaded successfully.
五月 25, 2018 11:47:24 上午 org.eclipse.birt.chart.device.swing.SwingRendererImpl prepareGraphicsContext
信息: Using graphics context sun.java2d.SunGraphics2D[font=java.awt.Font[family=Dialog,name=Dialog,style=plain,size=12],color=java.awt.Color[r=255,g=255,b=255]]
五月 25, 2018 11:47:24 上午 org.eclipse.birt.chart.render.EmptyWithoutAxes renderSeries
信息: org.eclipse.birt.chart.render.EmptyWithoutAxes: renderSeries() [1/2]
五月 25, 2018 11:47:24 上午 org.eclipse.birt.chart.extension.render.Pie renderSeries
信息: {0}: renderSeries() [{1}/{2}]org.eclipse.birt.chart.extension.render.Pie22
五月 25, 2018 11:47:24 上午 org.eclipse.birt.chart.device.image.JavaxImageIOWriter after
信息: Using {0} image writer {1}pngcom.sun.imageio.plugins.png.PNGImageWriter
五月 25, 2018 11:47:24 上午 org.eclipse.birt.chart.device.swing.SwingDisplayServer <init>
信息: SWING Display Server: Oracle Corporation v1.8.0_171
五月 25, 2018 11:47:24 上午 org.eclipse.birt.chart.script.AbstractScriptHandler register
信息: Trying to load Chart Java event handler class...
五月 25, 2018 11:47:24 上午 org.eclipse.birt.chart.script.AbstractScriptHandler register
信息: A Chart Java event handler class [class org.eclipse.mat.impl.chart.LabelRenderScript] has been loaded successfully.
五月 25, 2018 11:47:24 上午 org.eclipse.birt.chart.device.swing.SwingRendererImpl prepareGraphicsContext
信息: Using graphics context sun.java2d.SunGraphics2D[font=java.awt.Font[family=Dialog,name=Dialog,style=plain,size=12],color=java.awt.Color[r=255,g=255,b=255]]
五月 25, 2018 11:47:24 上午 org.eclipse.birt.chart.render.EmptyWithoutAxes renderSeries
信息: org.eclipse.birt.chart.render.EmptyWithoutAxes: renderSeries() [1/2]
五月 25, 2018 11:47:24 上午 org.eclipse.birt.chart.extension.render.Pie renderSeries
信息: {0}: renderSeries() [{1}/{2}]org.eclipse.birt.chart.extension.render.Pie22
五月 25, 2018 11:47:24 上午 org.eclipse.birt.chart.device.image.JavaxImageIOWriter after
信息: Using {0} image writer {1}pngcom.sun.imageio.plugins.png.PNGImageWriter
五月 25, 2018 11:47:25 上午 org.eclipse.birt.chart.device.swing.SwingDisplayServer <init>
信息: SWING Display Server: Oracle Corporation v1.8.0_171
五月 25, 2018 11:47:25 上午 org.eclipse.birt.chart.script.AbstractScriptHandler register
信息: Trying to load Chart Java event handler class...
五月 25, 2018 11:47:25 上午 org.eclipse.birt.chart.script.AbstractScriptHandler register
信息: A Chart Java event handler class [class org.eclipse.mat.impl.chart.LabelRenderScript] has been loaded successfully.
五月 25, 2018 11:47:25 上午 org.eclipse.birt.chart.device.swing.SwingRendererImpl prepareGraphicsContext
信息: Using graphics context sun.java2d.SunGraphics2D[font=java.awt.Font[family=Dialog,name=Dialog,style=plain,size=12],color=java.awt.Color[r=255,g=255,b=255]]
五月 25, 2018 11:47:25 上午 org.eclipse.birt.chart.render.EmptyWithoutAxes renderSeries
信息: org.eclipse.birt.chart.render.EmptyWithoutAxes: renderSeries() [1/2]
五月 25, 2018 11:47:25 上午 org.eclipse.birt.chart.extension.render.Pie renderSeries
信息: {0}: renderSeries() [{1}/{2}]org.eclipse.birt.chart.extension.render.Pie22
五月 25, 2018 11:47:25 上午 org.eclipse.birt.chart.device.image.JavaxImageIOWriter after
信息: Using {0} image writer {1}pngcom.sun.imageio.plugins.png.PNGImageWriter
五月 25, 2018 11:47:39 上午 org.eclipse.birt.chart.device.swt.SwtRendererImpl setProperty
信息: Using graphics context org.eclipse.swt.graphics.GC@GC {-620682747}
五月 25, 2018 11:47:39 上午 org.eclipse.birt.chart.script.AbstractScriptHandler register
信息: Trying to load Chart Java event handler class...
五月 25, 2018 11:47:39 上午 org.eclipse.birt.chart.script.AbstractScriptHandler register
信息: A Chart Java event handler class [class org.eclipse.mat.impl.chart.StorageUnitRenderScript] has been loaded successfully.
五月 25, 2018 11:47:39 上午 org.eclipse.birt.chart.render.EmptyWithoutAxes renderSeries
信息: org.eclipse.birt.chart.render.EmptyWithoutAxes: renderSeries() [1/2]
五月 25, 2018 11:47:39 上午 org.eclipse.birt.chart.extension.render.Pie renderSeries
信息: {0}: renderSeries() [{1}/{2}]org.eclipse.birt.chart.extension.render.Pie22
五月 25, 2018 11:49:39 上午 org.eclipse.birt.chart.device.swt.SwtDisplayServer <init>
信息: SWT Display Server: win32 v4,629
五月 25, 2018 11:49:39 上午 org.eclipse.birt.chart.device.swt.SwtRendererImpl setProperty
信息: Using graphics context org.eclipse.swt.graphics.GC@GC {-1476320850}
五月 25, 2018 11:49:39 上午 org.eclipse.birt.chart.script.AbstractScriptHandler register
信息: Trying to load Chart Java event handler class...
五月 25, 2018 11:49:39 上午 org.eclipse.birt.chart.script.AbstractScriptHandler register
信息: A Chart Java event handler class [class org.eclipse.mat.impl.chart.StorageUnitRenderScript] has been loaded successfully.
五月 25, 2018 11:49:39 上午 org.eclipse.birt.chart.render.EmptyWithoutAxes renderSeries
信息: org.eclipse.birt.chart.render.EmptyWithoutAxes: renderSeries() [1/2]
五月 25, 2018 11:49:39 上午 org.eclipse.birt.chart.extension.render.Pie renderSeries
信息: {0}: renderSeries() [{1}/{2}]org.eclipse.birt.chart.extension.render.Pie22
五月 25, 2018 11:49:46 上午 org.eclipse.birt.chart.device.swing.SwingDisplayServer <init>
信息: SWING Display Server: Oracle Corporation v1.8.0_171
五月 25, 2018 11:49:46 上午 org.eclipse.birt.chart.script.AbstractScriptHandler register
信息: Trying to load Chart Java event handler class...
五月 25, 2018 11:49:46 上午 org.eclipse.birt.chart.script.AbstractScriptHandler register
信息: A Chart Java event handler class [class org.eclipse.mat.impl.chart.LabelRenderScript] has been loaded successfully.
五月 25, 2018 11:49:46 上午 org.eclipse.birt.chart.device.swing.SwingRendererImpl prepareGraphicsContext
信息: Using graphics context sun.java2d.SunGraphics2D[font=java.awt.Font[family=Dialog,name=Dialog,style=plain,size=12],color=java.awt.Color[r=255,g=255,b=255]]
五月 25, 2018 11:49:46 上午 org.eclipse.birt.chart.render.EmptyWithoutAxes renderSeries
信息: org.eclipse.birt.chart.render.EmptyWithoutAxes: renderSeries() [1/2]
五月 25, 2018 11:49:46 上午 org.eclipse.birt.chart.extension.render.Pie renderSeries
信息: {0}: renderSeries() [{1}/{2}]org.eclipse.birt.chart.extension.render.Pie22
五月 25, 2018 11:49:46 上午 org.eclipse.birt.chart.device.image.JavaxImageIOWriter after
信息: Using {0} image writer {1}pngcom.sun.imageio.plugins.png.PNGImageWriter
五月 25, 2018 11:49:46 上午 org.eclipse.birt.chart.device.swing.SwingDisplayServer <init>
信息: SWING Display Server: Oracle Corporation v1.8.0_171
五月 25, 2018 11:49:46 上午 org.eclipse.birt.chart.script.AbstractScriptHandler register
信息: Trying to load Chart Java event handler class...
五月 25, 2018 11:49:46 上午 org.eclipse.birt.chart.script.AbstractScriptHandler register
信息: A Chart Java event handler class [class org.eclipse.mat.impl.chart.LabelRenderScript] has been loaded successfully.
五月 25, 2018 11:49:46 上午 org.eclipse.birt.chart.device.swing.SwingRendererImpl prepareGraphicsContext
信息: Using graphics context sun.java2d.SunGraphics2D[font=java.awt.Font[family=Dialog,name=Dialog,style=plain,size=12],color=java.awt.Color[r=255,g=255,b=255]]
五月 25, 2018 11:49:46 上午 org.eclipse.birt.chart.render.EmptyWithoutAxes renderSeries
信息: org.eclipse.birt.chart.render.EmptyWithoutAxes: renderSeries() [1/2]
五月 25, 2018 11:49:46 上午 org.eclipse.birt.chart.extension.render.Pie renderSeries
信息: {0}: renderSeries() [{1}/{2}]org.eclipse.birt.chart.extension.render.Pie22
五月 25, 2018 11:49:46 上午 org.eclipse.birt.chart.device.image.JavaxImageIOWriter after
信息: Using {0} image writer {1}pngcom.sun.imageio.plugins.png.PNGImageWriter
五月 25, 2018 11:49:46 上午 org.eclipse.birt.chart.device.swing.SwingDisplayServer <init>
信息: SWING Display Server: Oracle Corporation v1.8.0_171
五月 25, 2018 11:49:46 上午 org.eclipse.birt.chart.script.AbstractScriptHandler register
信息: Trying to load Chart Java event handler class...
五月 25, 2018 11:49:46 上午 org.eclipse.birt.chart.script.AbstractScriptHandler register
信息: A Chart Java event handler class [class org.eclipse.mat.impl.chart.LabelRenderScript] has been loaded successfully.
五月 25, 2018 11:49:46 上午 org.eclipse.birt.chart.device.swing.SwingRendererImpl prepareGraphicsContext
信息: Using graphics context sun.java2d.SunGraphics2D[font=java.awt.Font[family=Dialog,name=Dialog,style=plain,size=12],color=java.awt.Color[r=255,g=255,b=255]]
五月 25, 2018 11:49:46 上午 org.eclipse.birt.chart.render.EmptyWithoutAxes renderSeries
信息: org.eclipse.birt.chart.render.EmptyWithoutAxes: renderSeries() [1/2]
五月 25, 2018 11:49:46 上午 org.eclipse.birt.chart.extension.render.Pie renderSeries
信息: {0}: renderSeries() [{1}/{2}]org.eclipse.birt.chart.extension.render.Pie22
五月 25, 2018 11:49:46 上午 org.eclipse.birt.chart.device.image.JavaxImageIOWriter after
信息: Using {0} image writer {1}pngcom.sun.imageio.plugins.png.PNGImageWriter
五月 25, 2018 11:49:46 上午 org.eclipse.birt.chart.device.swing.SwingDisplayServer <init>
信息: SWING Display Server: Oracle Corporation v1.8.0_171
五月 25, 2018 11:49:46 上午 org.eclipse.birt.chart.script.AbstractScriptHandler register
信息: Trying to load Chart Java event handler class...
五月 25, 2018 11:49:46 上午 org.eclipse.birt.chart.script.AbstractScriptHandler register
信息: A Chart Java event handler class [class org.eclipse.mat.impl.chart.LabelRenderScript] has been loaded successfully.
五月 25, 2018 11:49:46 上午 org.eclipse.birt.chart.device.swing.SwingRendererImpl prepareGraphicsContext
信息: Using graphics context sun.java2d.SunGraphics2D[font=java.awt.Font[family=Dialog,name=Dialog,style=plain,size=12],color=java.awt.Color[r=255,g=255,b=255]]
五月 25, 2018 11:49:46 上午 org.eclipse.birt.chart.render.EmptyWithoutAxes renderSeries
信息: org.eclipse.birt.chart.render.EmptyWithoutAxes: renderSeries() [1/2]
五月 25, 2018 11:49:46 上午 org.eclipse.birt.chart.extension.render.Pie renderSeries
信息: {0}: renderSeries() [{1}/{2}]org.eclipse.birt.chart.extension.render.Pie22
五月 25, 2018 11:49:46 上午 org.eclipse.birt.chart.device.image.JavaxImageIOWriter after
信息: Using {0} image writer {1}pngcom.sun.imageio.plugins.png.PNGImageWriter
五月 25, 2018 11:49:53 上午 org.eclipse.birt.chart.device.swt.SwtRendererImpl setProperty
信息: Using graphics context org.eclipse.swt.graphics.GC@GC {1124146054}
五月 25, 2018 11:49:53 上午 org.eclipse.birt.chart.script.AbstractScriptHandler register
信息: Trying to load Chart Java event handler class...
五月 25, 2018 11:49:53 上午 org.eclipse.birt.chart.script.AbstractScriptHandler register
信息: A Chart Java event handler class [class org.eclipse.mat.impl.chart.StorageUnitRenderScript] has been loaded successfully.
五月 25, 2018 11:49:53 上午 org.eclipse.birt.chart.render.EmptyWithoutAxes renderSeries
信息: org.eclipse.birt.chart.render.EmptyWithoutAxes: renderSeries() [1/2]
五月 25, 2018 11:49:53 上午 org.eclipse.birt.chart.extension.render.Pie renderSeries
信息: {0}: renderSeries() [{1}/{2}]org.eclipse.birt.chart.extension.render.Pie22
五月 25, 2018 11:51:24 上午 org.eclipse.birt.chart.device.swt.SwtDisplayServer <init>
信息: SWT Display Server: win32 v4,629
五月 25, 2018 11:51:24 上午 org.eclipse.birt.chart.device.swt.SwtRendererImpl setProperty
信息: Using graphics context org.eclipse.swt.graphics.GC@GC {1459689698}
五月 25, 2018 11:51:24 上午 org.eclipse.birt.chart.script.AbstractScriptHandler register
信息: Trying to load Chart Java event handler class...
五月 25, 2018 11:51:24 上午 org.eclipse.birt.chart.script.AbstractScriptHandler register
信息: A Chart Java event handler class [class org.eclipse.mat.impl.chart.StorageUnitRenderScript] has been loaded successfully.
五月 25, 2018 11:51:24 上午 org.eclipse.birt.chart.render.EmptyWithoutAxes renderSeries
信息: org.eclipse.birt.chart.render.EmptyWithoutAxes: renderSeries() [1/2]
五月 25, 2018 11:51:24 上午 org.eclipse.birt.chart.extension.render.Pie renderSeries
信息: {0}: renderSeries() [{1}/{2}]org.eclipse.birt.chart.extension.render.Pie22
五月 25, 2018 11:57:02 上午 org.eclipse.birt.chart.device.swt.SwtDisplayServer <init>
信息: SWT Display Server: win32 v4,629
五月 25, 2018 11:57:02 上午 org.eclipse.birt.chart.device.swt.SwtRendererImpl setProperty
信息: Using graphics context org.eclipse.swt.graphics.GC@GC {-452913137}
五月 25, 2018 11:57:02 上午 org.eclipse.birt.chart.script.AbstractScriptHandler register
信息: Trying to load Chart Java event handler class...
五月 25, 2018 11:57:02 上午 org.eclipse.birt.chart.script.AbstractScriptHandler register
信息: A Chart Java event handler class [class org.eclipse.mat.impl.chart.StorageUnitRenderScript] has been loaded successfully.
五月 25, 2018 11:57:02 上午 org.eclipse.birt.chart.render.EmptyWithoutAxes renderSeries
信息: org.eclipse.birt.chart.render.EmptyWithoutAxes: renderSeries() [1/2]
五月 25, 2018 11:57:02 上午 org.eclipse.birt.chart.extension.render.Pie renderSeries
信息: {0}: renderSeries() [{1}/{2}]org.eclipse.birt.chart.extension.render.Pie22
五月 25, 2018 11:57:03 上午 org.eclipse.birt.chart.device.swing.SwingDisplayServer <init>
信息: SWING Display Server: Oracle Corporation v1.8.0_171
五月 25, 2018 11:57:03 上午 org.eclipse.birt.chart.script.AbstractScriptHandler register
信息: Trying to load Chart Java event handler class...
五月 25, 2018 11:57:03 上午 org.eclipse.birt.chart.script.AbstractScriptHandler register
信息: A Chart Java event handler class [class org.eclipse.mat.impl.chart.LabelRenderScript] has been loaded successfully.
五月 25, 2018 11:57:03 上午 org.eclipse.birt.chart.device.swing.SwingRendererImpl prepareGraphicsContext
信息: Using graphics context sun.java2d.SunGraphics2D[font=java.awt.Font[family=Dialog,name=Dialog,style=plain,size=12],color=java.awt.Color[r=255,g=255,b=255]]
五月 25, 2018 11:57:03 上午 org.eclipse.birt.chart.render.EmptyWithoutAxes renderSeries
信息: org.eclipse.birt.chart.render.EmptyWithoutAxes: renderSeries() [1/2]
五月 25, 2018 11:57:03 上午 org.eclipse.birt.chart.extension.render.Pie renderSeries
信息: {0}: renderSeries() [{1}/{2}]org.eclipse.birt.chart.extension.render.Pie22
五月 25, 2018 11:57:03 上午 org.eclipse.birt.chart.device.image.JavaxImageIOWriter after
信息: Using {0} image writer {1}pngcom.sun.imageio.plugins.png.PNGImageWriter
五月 25, 2018 11:57:03 上午 org.eclipse.birt.chart.device.swing.SwingDisplayServer <init>
信息: SWING Display Server: Oracle Corporation v1.8.0_171
五月 25, 2018 11:57:03 上午 org.eclipse.birt.chart.script.AbstractScriptHandler register
信息: Trying to load Chart Java event handler class...
五月 25, 2018 11:57:03 上午 org.eclipse.birt.chart.script.AbstractScriptHandler register
信息: A Chart Java event handler class [class org.eclipse.mat.impl.chart.LabelRenderScript] has been loaded successfully.
五月 25, 2018 11:57:03 上午 org.eclipse.birt.chart.device.swing.SwingRendererImpl prepareGraphicsContext
信息: Using graphics context sun.java2d.SunGraphics2D[font=java.awt.Font[family=Dialog,name=Dialog,style=plain,size=12],color=java.awt.Color[r=255,g=255,b=255]]
五月 25, 2018 11:57:03 上午 org.eclipse.birt.chart.render.EmptyWithoutAxes renderSeries
信息: org.eclipse.birt.chart.render.EmptyWithoutAxes: renderSeries() [1/2]
五月 25, 2018 11:57:03 上午 org.eclipse.birt.chart.extension.render.Pie renderSeries
信息: {0}: renderSeries() [{1}/{2}]org.eclipse.birt.chart.extension.render.Pie22
五月 25, 2018 11:57:03 上午 org.eclipse.birt.chart.device.image.JavaxImageIOWriter after
信息: Using {0} image writer {1}pngcom.sun.imageio.plugins.png.PNGImageWriter
五月 25, 2018 11:57:03 上午 org.eclipse.birt.chart.device.swing.SwingDisplayServer <init>
信息: SWING Display Server: Oracle Corporation v1.8.0_171
五月 25, 2018 11:57:03 上午 org.eclipse.birt.chart.script.AbstractScriptHandler register
信息: Trying to load Chart Java event handler class...
五月 25, 2018 11:57:03 上午 org.eclipse.birt.chart.script.AbstractScriptHandler register
信息: A Chart Java event handler class [class org.eclipse.mat.impl.chart.LabelRenderScript] has been loaded successfully.
五月 25, 2018 11:57:03 上午 org.eclipse.birt.chart.device.swing.SwingRendererImpl prepareGraphicsContext
信息: Using graphics context sun.java2d.SunGraphics2D[font=java.awt.Font[family=Dialog,name=Dialog,style=plain,size=12],color=java.awt.Color[r=255,g=255,b=255]]
五月 25, 2018 11:57:03 上午 org.eclipse.birt.chart.render.EmptyWithoutAxes renderSeries
信息: org.eclipse.birt.chart.render.EmptyWithoutAxes: renderSeries() [1/2]
五月 25, 2018 11:57:03 上午 org.eclipse.birt.chart.extension.render.Pie renderSeries
信息: {0}: renderSeries() [{1}/{2}]org.eclipse.birt.chart.extension.render.Pie22
五月 25, 2018 11:57:03 上午 org.eclipse.birt.chart.device.image.JavaxImageIOWriter after
信息: Using {0} image writer {1}pngcom.sun.imageio.plugins.png.PNGImageWriter
五月 25, 2018 11:57:04 上午 org.eclipse.birt.chart.device.swing.SwingDisplayServer <init>
信息: SWING Display Server: Oracle Corporation v1.8.0_171
五月 25, 2018 11:57:04 上午 org.eclipse.birt.chart.script.AbstractScriptHandler register
信息: Trying to load Chart Java event handler class...
五月 25, 2018 11:57:04 上午 org.eclipse.birt.chart.script.AbstractScriptHandler register
信息: A Chart Java event handler class [class org.eclipse.mat.impl.chart.LabelRenderScript] has been loaded successfully.
五月 25, 2018 11:57:04 上午 org.eclipse.birt.chart.device.swing.SwingRendererImpl prepareGraphicsContext
信息: Using graphics context sun.java2d.SunGraphics2D[font=java.awt.Font[family=Dialog,name=Dialog,style=plain,size=12],color=java.awt.Color[r=255,g=255,b=255]]
五月 25, 2018 11:57:04 上午 org.eclipse.birt.chart.render.EmptyWithoutAxes renderSeries
信息: org.eclipse.birt.chart.render.EmptyWithoutAxes: renderSeries() [1/2]
五月 25, 2018 11:57:04 上午 org.eclipse.birt.chart.extension.render.Pie renderSeries
信息: {0}: renderSeries() [{1}/{2}]org.eclipse.birt.chart.extension.render.Pie22
五月 25, 2018 11:57:04 上午 org.eclipse.birt.chart.device.image.JavaxImageIOWriter after
信息: Using {0} image writer {1}pngcom.sun.imageio.plugins.png.PNGImageWriter
